<?xml version="1.0" encoding="UTF-8"?>
<!-- Generated by org.testng.reporters.JUnitXMLReporter -->
<testsuite ignored="0" hostname="Kundan" failures="0" tests="12" name="Accounts Page Test" time="19.99" errors="0" timestamp="2026-01-18T08:54:56 IST">
  <testcase classname="com.qa.opencart.tests.AccountsPageTest" name="accPageHeadersCountTest" time="0.739"/>
  <testcase classname="com.qa.opencart.tests.AccountsPageTest" name="accPageHeadersTest" time="0.204"/>
  <testcase classname="com.qa.opencart.tests.AccountsPageTest" name="accPageTitleTest" time="0.028"/>
  <testcase classname="com.qa.opencart.tests.AccountsPageTest" name="isLogoutLinkExistTest" time="0.076"/>
  <testcase classname="com.qa.opencart.tests.AccountsPageTest" name="searchCountTest" time="1.462"/>
  <testcase classname="com.qa.opencart.tests.AccountsPageTest" name="searchCountTest" time="0.909"/>
  <testcase classname="com.qa.opencart.tests.AccountsPageTest" name="searchCountTest" time="0.977"/>
  <testcase classname="com.qa.opencart.tests.AccountsPageTest" name="searchTest" time="1.974"/>
  <testcase classname="com.qa.opencart.tests.AccountsPageTest" name="searchTest" time="1.503"/>
  <testcase classname="com.qa.opencart.tests.AccountsPageTest" name="searchTest" time="1.612"/>
  <testcase classname="com.qa.opencart.tests.AccountsPageTest" name="searchTest" time="1.522"/>
  <testcase classname="com.qa.opencart.tests.AccountsPageTest" name="searchTest" time="1.323"/>
</testsuite> <!-- Accounts Page Test -->
