<?xml version="1.0" encoding="UTF-8"?>
<!-- Generated by org.testng.reporters.JUnitXMLReporter -->
<testsuite ignored="0" hostname="Kundan" failures="0" tests="12" name="Accounts Page Test" time="25.356" errors="0" timestamp="2026-01-12T18:09:23 IST">
  <testcase classname="com.qa.opencart.tests.AccountsPageTest" name="accPageHeadersCountTest" time="0.175"/>
  <testcase classname="com.qa.opencart.tests.AccountsPageTest" name="accPageHeadersTest" time="0.318"/>
  <testcase classname="com.qa.opencart.tests.AccountsPageTest" name="accPageTitleTest" time="0.045"/>
  <testcase classname="com.qa.opencart.tests.AccountsPageTest" name="isLogoutLinkExistTest" time="0.074"/>
  <testcase classname="com.qa.opencart.tests.AccountsPageTest" name="searchCountTest" time="1.147"/>
  <testcase classname="com.qa.opencart.tests.AccountsPageTest" name="searchCountTest" time="1.062"/>
  <testcase classname="com.qa.opencart.tests.AccountsPageTest" name="searchCountTest" time="1.259"/>
  <testcase classname="com.qa.opencart.tests.AccountsPageTest" name="searchTest" time="2.488"/>
  <testcase classname="com.qa.opencart.tests.AccountsPageTest" name="searchTest" time="2.091"/>
  <testcase classname="com.qa.opencart.tests.AccountsPageTest" name="searchTest" time="2.205"/>
  <testcase classname="com.qa.opencart.tests.AccountsPageTest" name="searchTest" time="2.053"/>
  <testcase classname="com.qa.opencart.tests.AccountsPageTest" name="searchTest" time="2.424"/>
</testsuite> <!-- Accounts Page Test -->
