<?xml version="1.0" encoding="UTF-8"?>
<!-- Generated by org.testng.reporters.JUnitXMLReporter -->
<testsuite ignored="0" hostname="Kundan" failures="0" tests="5" name="Login Page Test" time="8.741" errors="0" timestamp="2026-01-18T08:54:46 IST">
  <testcase classname="com.qa.opencart.tests.LoginPageTest" name="forgotPwdLinkExistTest" time="0.303"/>
  <testcase classname="com.qa.opencart.tests.LoginPageTest" name="loginPageTitleTest" time="0.035"/>
  <testcase classname="com.qa.opencart.tests.LoginPageTest" name="loginPageURLTest" time="0.02"/>
  <testcase classname="com.qa.opencart.tests.LoginPageTest" name="logoExistTest" time="0.031"/>
  <testcase classname="com.qa.opencart.tests.LoginPageTest" name="loginTest" time="1.202"/>
</testsuite> <!-- Login Page Test -->
