<?xml version="1.0" encoding="UTF-8"?>
<!-- Generated by org.testng.reporters.JUnitXMLReporter -->
<testsuite ignored="0" hostname="Kundan" failures="0" tests="2" name="Register Page Test" time="8.693" errors="0" timestamp="2026-02-02T10:15:17 IST">
  <testcase classname="com.qa.opencart.tests.RegisterPageTest" name="userRegisterTest" time="0.0">
    <skipped/>
  </testcase> <!-- userRegisterTest -->
  <testcase classname="com.qa.opencart.tests.RegisterPageTest" name="userRegisterTest" time="0.0">
    <skipped/>
  </testcase> <!-- userRegisterTest -->
</testsuite> <!-- Register Page Test -->
