<?xml version="1.0" encoding="UTF-8"?>
<!-- Generated by org.testng.reporters.JUnitXMLReporter -->
<testsuite ignored="0" hostname="Kundan" failures="0" tests="12" name="Accounts Page Test" time="25.483" errors="0" timestamp="2026-01-17T17:28:06 IST">
  <testcase classname="com.qa.opencart.tests.AccountsPageTest" name="accPageHeadersCountTest" time="0.345"/>
  <testcase classname="com.qa.opencart.tests.AccountsPageTest" name="accPageHeadersTest" time="0.592"/>
  <testcase classname="com.qa.opencart.tests.AccountsPageTest" name="accPageTitleTest" time="0.088"/>
  <testcase classname="com.qa.opencart.tests.AccountsPageTest" name="isLogoutLinkExistTest" time="0.202"/>
  <testcase classname="com.qa.opencart.tests.AccountsPageTest" name="searchCountTest" time="1.791"/>
  <testcase classname="com.qa.opencart.tests.AccountsPageTest" name="searchCountTest" time="1.144"/>
  <testcase classname="com.qa.opencart.tests.AccountsPageTest" name="searchCountTest" time="1.204"/>
  <testcase classname="com.qa.opencart.tests.AccountsPageTest" name="searchTest" time="2.16"/>
  <testcase classname="com.qa.opencart.tests.AccountsPageTest" name="searchTest" time="2.664"/>
  <testcase classname="com.qa.opencart.tests.AccountsPageTest" name="searchTest" time="2.394"/>
  <testcase classname="com.qa.opencart.tests.AccountsPageTest" name="searchTest" time="1.71"/>
  <testcase classname="com.qa.opencart.tests.AccountsPageTest" name="searchTest" time="1.885"/>
</testsuite> <!-- Accounts Page Test -->
