<?xml version="1.0" encoding="UTF-8"?>
<!-- Generated by org.testng.reporters.JUnitXMLReporter -->
<testsuite ignored="0" hostname="Kundan" failures="0" tests="7" name="ProductInfo Page Test" time="28.681" errors="0" timestamp="2026-01-12T17:51:07 IST">
  <testcase classname="com.qa.opencart.tests.ProductInfoPageTest" name="productHeaderTest" time="2.804"/>
  <testcase classname="com.qa.opencart.tests.ProductInfoPageTest" name="productImagesCountTest" time="2.479"/>
  <testcase classname="com.qa.opencart.tests.ProductInfoPageTest" name="productImagesCountTest" time="2.299"/>
  <testcase classname="com.qa.opencart.tests.ProductInfoPageTest" name="productImagesCountTest" time="1.986"/>
  <testcase classname="com.qa.opencart.tests.ProductInfoPageTest" name="productImagesCountTest" time="2.389"/>
  <testcase classname="com.qa.opencart.tests.ProductInfoPageTest" name="productImagesCountTest" time="2.537"/>
  <testcase classname="com.qa.opencart.tests.ProductInfoPageTest" name="productInfoTest" time="2.962"/>
</testsuite> <!-- ProductInfo Page Test -->
