<?xml version="1.0" encoding="UTF-8"?>
<testsuite xmlns:xsi="http://www.w3.org/2001/XMLSchema-instance" xsi:noNamespaceSchemaLocation="https://maven.apache.org/surefire/maven-surefire-plugin/xsd/surefire-test-report.xsd" name="TestSuite" time="28.988" tests="26" errors="0" skipped="0" failures="0">
  <properties>
[...]
</properties>
  <testcase name="forgotPwdLinkExistTest" classname="com.qa.opencart.tests.LoginPageTest" time="0.877"/>
  <testcase name="loginPageTitleTest" classname="com.qa.opencart.tests.LoginPageTest" time="0.097"/>
  <testcase name="loginPageURLTest" classname="com.qa.opencart.tests.LoginPageTest" time="0.058"/>
  <testcase name="logoExistTest" classname="com.qa.opencart.tests.LoginPageTest" time="0.123"/>
  <testcase name="accPageHeadersCountTest" classname="com.qa.opencart.tests.AccountsPageTest" time="0.353"/>
  <testcase name="accPageHeadersTest" classname="com.qa.opencart.tests.AccountsPageTest" time="0.599"/>
  <testcase name="accPageTitleTest" classname="com.qa.opencart.tests.AccountsPageTest" time="0.096"/>
  <testcase name="isLogoutLinkExistTest" classname="com.qa.opencart.tests.AccountsPageTest" time="0.209"/>
  <testcase name="loginTest" classname="com.qa.opencart.tests.LoginPageTest" time="0.411"/>
  <testcase name="searchCountTest" classname="com.qa.opencart.tests.AccountsPageTest" time="0.486"/>
  <testcase name="searchCountTest" classname="com.qa.opencart.tests.AccountsPageTest" time="1.063"/>
  <testcase name="searchCountTest" classname="com.qa.opencart.tests.AccountsPageTest" time="0.667"/>
  <testcase name="productHeaderTest" classname="com.qa.opencart.tests.ProductInfoPageTest" time="0.079"/>
  <testcase name="productImagesCountTest" classname="com.qa.opencart.tests.ProductInfoPageTest" time="0.537"/>
  <testcase name="productImagesCountTest" classname="com.qa.opencart.tests.ProductInfoPageTest" time="1.275"/>
  <testcase name="productImagesCountTest" classname="com.qa.opencart.tests.ProductInfoPageTest" time="1.029"/>
  <testcase name="productImagesCountTest" classname="com.qa.opencart.tests.ProductInfoPageTest" time="0.046"/>
  <testcase name="productImagesCountTest" classname="com.qa.opencart.tests.ProductInfoPageTest" time="0.254"/>
  <testcase name="userRegisterTest" classname="com.qa.opencart.tests.RegisterPageTest" time="0.554"/>
  <testcase name="userRegisterTest" classname="com.qa.opencart.tests.RegisterPageTest" time="0.189"/>
  <testcase name="searchTest" classname="com.qa.opencart.tests.AccountsPageTest" time="0.348"/>
  <testcase name="searchTest" classname="com.qa.opencart.tests.AccountsPageTest" time="1.622"/>
  <testcase name="searchTest" classname="com.qa.opencart.tests.AccountsPageTest" time="2.395"/>
  <testcase name="searchTest" classname="com.qa.opencart.tests.AccountsPageTest" time="1.662"/>
  <testcase name="searchTest" classname="com.qa.opencart.tests.AccountsPageTest" time="1.634"/>
  <testcase name="productInfoTest" classname="com.qa.opencart.tests.ProductInfoPageTest" time="1.951"/>
</testsuite>