<?xml version="1.0" encoding="UTF-8"?>
<testsuite xmlns:xsi="http://www.w3.org/2001/XMLSchema-instance" xsi:noNamespaceSchemaLocation="https://maven.apache.org/surefire/maven-surefire-plugin/xsd/surefire-test-report.xsd" name="TestSuite" time="29.458" tests="8" errors="0" skipped="3" failures="1">
  <properties>
[...]
</properties>
  <testcase name="forgotPwdLinkExistTest" classname="com.qa.opencart.tests.LoginPageTest" time="0.311"/>
  <testcase name="loginPageTitleTest" classname="com.qa.opencart.tests.LoginPageTest" time="0">
    <skipped message="expected [Account Login1] but found [-1]"/>
    <system-out><![CDATA[loginPageTitleTest started!
I am in onTestStart method loginPageTitleTest start
title is not matched
login page title: -1
I am in onTestSkipped method loginPageTitleTest skipped
loginPageTitleTest skipped!
]]></system-out>
  </testcase>
  <testcase name="loginPageTitleTest" classname="com.qa.opencart.tests.LoginPageTest" time="0">
    <skipped message="expected [Account Login1] but found [-1]"/>
    <system-out><![CDATA[loginPageTitleTest started!
I am in onTestStart method loginPageTitleTest start
title is not matched
login page title: -1
I am in onTestSkipped method loginPageTitleTest skipped
loginPageTitleTest skipped!
]]></system-out>
  </testcase>
  <testcase name="loginPageTitleTest" classname="com.qa.opencart.tests.LoginPageTest" time="0">
    <skipped message="expected [Account Login1] but found [-1]"/>
    <system-out><![CDATA[loginPageTitleTest started!
I am in onTestStart method loginPageTitleTest start
title is not matched
login page title: -1
I am in onTestSkipped method loginPageTitleTest skipped
loginPageTitleTest skipped!
]]></system-out>
  </testcase>
  <testcase name="loginPageTitleTest" classname="com.qa.opencart.tests.LoginPageTest" time="5.493">
    <failure message="expected [Account Login1] but found [-1]" type="java.lang.AssertionError">java.lang.AssertionError: expected [Account Login1] but found [-1]
	at com.qa.opencart.tests.LoginPageTest.loginPageTitleTest(LoginPageTest.java:20)
</failure>
    <system-out><![CDATA[loginPageTitleTest started!
I am in onTestStart method loginPageTitleTest start
title is not matched
login page title: -1
I am in onTestFailure method loginPageTitleTest failed
Screenshot captured for test case:loginPageTitleTest
loginPageTitleTest failed!
]]></system-out>
  </testcase>
  <testcase name="loginPageURLTest" classname="com.qa.opencart.tests.LoginPageTest" time="0.02"/>
  <testcase name="logoExistTest" classname="com.qa.opencart.tests.LoginPageTest" time="0.019"/>
  <testcase name="loginTest" classname="com.qa.opencart.tests.LoginPageTest" time="0.907"/>
</testsuite>