<?xml version="1.0" encoding="UTF-8"?>
<testng-results ignored="0" total="26" passed="26" failed="0" skipped="0">
  <reporter-output>
  </reporter-output>
  <suite started-at="2026-01-17T17:26:35 IST" name="Opencart App Test Regression Suite" finished-at="2026-01-17T17:27:02 IST" duration-ms="27344">
    <groups>
    </groups>
    <test started-at="2026-01-17T17:26:35 IST" name="Login Page Test" finished-at="2026-01-17T17:26:48 IST" duration-ms="12784">
      <class name="com.qa.opencart.tests.LoginPageTest">
        <test-method is-config="true" signature="setup(java.lang.String)[pri:0, instance:com.qa.opencart.tests.LoginPageTest@4232b34a]" started-at="2026-01-17T17:26:35 IST" name="setup" finished-at="2026-01-17T17:26:44 IST" duration-ms="9014" status="PASS">
          <params>
            <param index="0">
              <value>
                <![CDATA[chrome]]>
              </value>
            </param>
          </params>
          <reporter-output>
          </reporter-output>
        </test-method> <!-- setup -->
        <test-method signature="forgotPwdLinkExistTest()[pri:0, instance:com.qa.opencart.tests.LoginPageTest@4232b34a]" started-at="2026-01-17T17:26:45 IST" name="forgotPwdLinkExistTest" finished-at="2026-01-17T17:26:45 IST" duration-ms="333" status="PASS">
          <reporter-output>
          </reporter-output>
        </test-method> <!-- forgotPwdLinkExistTest -->
        <test-method signature="loginPageTitleTest()[pri:0, instance:com.qa.opencart.tests.LoginPageTest@4232b34a]" started-at="2026-01-17T17:26:45 IST" name="loginPageTitleTest" finished-at="2026-01-17T17:26:45 IST" duration-ms="62" status="PASS">
          <reporter-output>
          </reporter-output>
        </test-method> <!-- loginPageTitleTest -->
        <test-method signature="loginPageURLTest()[pri:0, instance:com.qa.opencart.tests.LoginPageTest@4232b34a]" started-at="2026-01-17T17:26:45 IST" name="loginPageURLTest" finished-at="2026-01-17T17:26:46 IST" duration-ms="111" status="PASS">
          <reporter-output>
          </reporter-output>
        </test-method> <!-- loginPageURLTest -->
        <test-method signature="logoExistTest()[pri:0, instance:com.qa.opencart.tests.LoginPageTest@4232b34a]" started-at="2026-01-17T17:26:46 IST" name="logoExistTest" finished-at="2026-01-17T17:26:46 IST" duration-ms="84" status="PASS">
          <reporter-output>
          </reporter-output>
        </test-method> <!-- logoExistTest -->
        <test-method signature="loginTest()[pri:2147483647, instance:com.qa.opencart.tests.LoginPageTest@4232b34a]" started-at="2026-01-17T17:26:46 IST" name="loginTest" finished-at="2026-01-17T17:26:47 IST" duration-ms="1757" status="PASS">
          <reporter-output>
          </reporter-output>
        </test-method> <!-- loginTest -->
        <test-method is-config="true" signature="tearDown()[pri:0, instance:com.qa.opencart.tests.LoginPageTest@4232b34a]" started-at="2026-01-17T17:26:47 IST" name="tearDown" finished-at="2026-01-17T17:26:48 IST" duration-ms="506" status="PASS">
          <reporter-output>
          </reporter-output>
        </test-method> <!-- tearDown -->
      </class> <!-- com.qa.opencart.tests.LoginPageTest -->
    </test> <!-- Login Page Test -->
    <test started-at="2026-01-17T17:26:35 IST" name="Register Page Test" finished-at="2026-01-17T17:27:02 IST" duration-ms="26393">
      <class name="com.qa.opencart.tests.RegisterPageTest">
        <test-method is-config="true" signature="setup(java.lang.String)[pri:0, instance:com.qa.opencart.tests.RegisterPageTest@3e8b3b79]" started-at="2026-01-17T17:26:35 IST" name="setup" finished-at="2026-01-17T17:26:44 IST" duration-ms="8829" status="PASS">
          <params>
            <param index="0">
              <value>
                <![CDATA[chrome]]>
              </value>
            </param>
          </params>
          <reporter-output>
          </reporter-output>
        </test-method> <!-- setup -->
        <test-method is-config="true" signature="regSetup()[pri:0, instance:com.qa.opencart.tests.RegisterPageTest@3e8b3b79]" started-at="2026-01-17T17:26:44 IST" name="regSetup" finished-at="2026-01-17T17:26:46 IST" duration-ms="1332" status="PASS">
          <reporter-output>
          </reporter-output>
        </test-method> <!-- regSetup -->
        <test-method signature="userRegisterTest(java.lang.String,java.lang.String,java.lang.String,java.lang.String,java.lang.String)[pri:0, instance:com.qa.opencart.tests.RegisterPageTest@3e8b3b79]" started-at="2026-01-17T17:26:49 IST" name="userRegisterTest" data-provider="getRegData" finished-at="2026-01-17T17:26:54 IST" duration-ms="4966" status="PASS">
          <params>
            <param index="0">
              <value>
                <![CDATA[veena]]>
              </value>
            </param>
            <param index="1">
              <value>
                <![CDATA[automation]]>
              </value>
            </param>
            <param index="2">
              <value>
                <![CDATA[8.585858585E9]]>
              </value>
            </param>
            <param index="3">
              <value>
                <![CDATA[veena@123]]>
              </value>
            </param>
            <param index="4">
              <value>
                <![CDATA[yes]]>
              </value>
            </param>
          </params>
          <reporter-output>
          </reporter-output>
        </test-method> <!-- userRegisterTest -->
        <test-method signature="userRegisterTest(java.lang.String,java.lang.String,java.lang.String,java.lang.String,java.lang.String)[pri:0, instance:com.qa.opencart.tests.RegisterPageTest@3e8b3b79]" started-at="2026-01-17T17:26:54 IST" name="userRegisterTest" data-provider="getRegData" finished-at="2026-01-17T17:27:01 IST" duration-ms="7273" status="PASS">
          <params>
            <param index="0">
              <value>
                <![CDATA[ravi]]>
              </value>
            </param>
            <param index="1">
              <value>
                <![CDATA[api]]>
              </value>
            </param>
            <param index="2">
              <value>
                <![CDATA[6.767676767E9]]>
              </value>
            </param>
            <param index="3">
              <value>
                <![CDATA[ravi@123]]>
              </value>
            </param>
            <param index="4">
              <value>
                <![CDATA[no]]>
              </value>
            </param>
          </params>
          <reporter-output>
          </reporter-output>
        </test-method> <!-- userRegisterTest -->
        <test-method is-config="true" signature="tearDown()[pri:0, instance:com.qa.opencart.tests.RegisterPageTest@3e8b3b79]" started-at="2026-01-17T17:27:01 IST" name="tearDown" finished-at="2026-01-17T17:27:02 IST" duration-ms="428" status="PASS">
          <reporter-output>
          </reporter-output>
        </test-method> <!-- tearDown -->
      </class> <!-- com.qa.opencart.tests.RegisterPageTest -->
    </test> <!-- Register Page Test -->
    <test started-at="2026-01-17T17:26:35 IST" name="Accounts Page Test" finished-at="2026-01-17T17:27:02 IST" duration-ms="27329">
      <class name="com.qa.opencart.tests.AccountsPageTest">
        <test-method is-config="true" signature="setup(java.lang.String)[pri:0, instance:com.qa.opencart.tests.AccountsPageTest@2d760326]" started-at="2026-01-17T17:26:35 IST" name="setup" finished-at="2026-01-17T17:26:45 IST" duration-ms="9404" status="PASS">
          <params>
            <param index="0">
              <value>
                <![CDATA[chrome]]>
              </value>
            </param>
          </params>
          <reporter-output>
          </reporter-output>
        </test-method> <!-- setup -->
        <test-method is-config="true" signature="accSetup()[pri:0, instance:com.qa.opencart.tests.AccountsPageTest@2d760326]" started-at="2026-01-17T17:26:45 IST" name="accSetup" finished-at="2026-01-17T17:26:46 IST" duration-ms="1452" status="PASS">
          <reporter-output>
          </reporter-output>
        </test-method> <!-- accSetup -->
        <test-method signature="accPageHeadersCountTest()[pri:0, instance:com.qa.opencart.tests.AccountsPageTest@2d760326]" started-at="2026-01-17T17:26:46 IST" name="accPageHeadersCountTest" finished-at="2026-01-17T17:26:46 IST" duration-ms="201" status="PASS">
          <reporter-output>
          </reporter-output>
        </test-method> <!-- accPageHeadersCountTest -->
        <test-method signature="accPageHeadersTest()[pri:0, instance:com.qa.opencart.tests.AccountsPageTest@2d760326]" started-at="2026-01-17T17:26:46 IST" name="accPageHeadersTest" finished-at="2026-01-17T17:26:47 IST" duration-ms="336" status="PASS">
          <reporter-output>
          </reporter-output>
        </test-method> <!-- accPageHeadersTest -->
        <test-method signature="accPageTitleTest()[pri:0, instance:com.qa.opencart.tests.AccountsPageTest@2d760326]" started-at="2026-01-17T17:26:47 IST" name="accPageTitleTest" finished-at="2026-01-17T17:26:47 IST" duration-ms="55" status="PASS">
          <reporter-output>
          </reporter-output>
        </test-method> <!-- accPageTitleTest -->
        <test-method signature="isLogoutLinkExistTest()[pri:0, instance:com.qa.opencart.tests.AccountsPageTest@2d760326]" started-at="2026-01-17T17:26:47 IST" name="isLogoutLinkExistTest" finished-at="2026-01-17T17:26:47 IST" duration-ms="157" status="PASS">
          <reporter-output>
          </reporter-output>
        </test-method> <!-- isLogoutLinkExistTest -->
        <test-method signature="searchCountTest(java.lang.String,int)[pri:0, instance:com.qa.opencart.tests.AccountsPageTest@2d760326]" started-at="2026-01-17T17:26:47 IST" name="searchCountTest" data-provider="getSearchKey" finished-at="2026-01-17T17:26:48 IST" duration-ms="1418" status="PASS">
          <params>
            <param index="0">
              <value>
                <![CDATA[macbook]]>
              </value>
            </param>
            <param index="1">
              <value>
                <![CDATA[3]]>
              </value>
            </param>
          </params>
          <reporter-output>
          </reporter-output>
        </test-method> <!-- searchCountTest -->
        <test-method signature="searchCountTest(java.lang.String,int)[pri:0, instance:com.qa.opencart.tests.AccountsPageTest@2d760326]" started-at="2026-01-17T17:26:49 IST" name="searchCountTest" data-provider="getSearchKey" finished-at="2026-01-17T17:26:50 IST" duration-ms="949" status="PASS">
          <params>
            <param index="0">
              <value>
                <![CDATA[imac]]>
              </value>
            </param>
            <param index="1">
              <value>
                <![CDATA[1]]>
              </value>
            </param>
          </params>
          <reporter-output>
          </reporter-output>
        </test-method> <!-- searchCountTest -->
        <test-method signature="searchCountTest(java.lang.String,int)[pri:0, instance:com.qa.opencart.tests.AccountsPageTest@2d760326]" started-at="2026-01-17T17:26:50 IST" name="searchCountTest" data-provider="getSearchKey" finished-at="2026-01-17T17:26:52 IST" duration-ms="1203" status="PASS">
          <params>
            <param index="0">
              <value>
                <![CDATA[samsung]]>
              </value>
            </param>
            <param index="1">
              <value>
                <![CDATA[2]]>
              </value>
            </param>
          </params>
          <reporter-output>
          </reporter-output>
        </test-method> <!-- searchCountTest -->
        <test-method signature="searchTest(java.lang.String,java.lang.String)[pri:0, instance:com.qa.opencart.tests.AccountsPageTest@2d760326]" started-at="2026-01-17T17:26:52 IST" name="searchTest" data-provider="getSearchData" finished-at="2026-01-17T17:26:54 IST" duration-ms="2349" status="PASS">
          <params>
            <param index="0">
              <value>
                <![CDATA[macbook]]>
              </value>
            </param>
            <param index="1">
              <value>
                <![CDATA[MacBook Pro]]>
              </value>
            </param>
          </params>
          <reporter-output>
          </reporter-output>
        </test-method> <!-- searchTest -->
        <test-method signature="searchTest(java.lang.String,java.lang.String)[pri:0, instance:com.qa.opencart.tests.AccountsPageTest@2d760326]" started-at="2026-01-17T17:26:54 IST" name="searchTest" data-provider="getSearchData" finished-at="2026-01-17T17:26:56 IST" duration-ms="2165" status="PASS">
          <params>
            <param index="0">
              <value>
                <![CDATA[macbook]]>
              </value>
            </param>
            <param index="1">
              <value>
                <![CDATA[MacBook Air]]>
              </value>
            </param>
          </params>
          <reporter-output>
          </reporter-output>
        </test-method> <!-- searchTest -->
        <test-method signature="searchTest(java.lang.String,java.lang.String)[pri:0, instance:com.qa.opencart.tests.AccountsPageTest@2d760326]" started-at="2026-01-17T17:26:56 IST" name="searchTest" data-provider="getSearchData" finished-at="2026-01-17T17:26:58 IST" duration-ms="1933" status="PASS">
          <params>
            <param index="0">
              <value>
                <![CDATA[imac]]>
              </value>
            </param>
            <param index="1">
              <value>
                <![CDATA[iMac]]>
              </value>
            </param>
          </params>
          <reporter-output>
          </reporter-output>
        </test-method> <!-- searchTest -->
        <test-method signature="searchTest(java.lang.String,java.lang.String)[pri:0, instance:com.qa.opencart.tests.AccountsPageTest@2d760326]" started-at="2026-01-17T17:26:58 IST" name="searchTest" data-provider="getSearchData" finished-at="2026-01-17T17:27:00 IST" duration-ms="1456" status="PASS">
          <params>
            <param index="0">
              <value>
                <![CDATA[samsung]]>
              </value>
            </param>
            <param index="1">
              <value>
                <![CDATA[Samsung SyncMaster 941BW]]>
              </value>
            </param>
          </params>
          <reporter-output>
          </reporter-output>
        </test-method> <!-- searchTest -->
        <test-method signature="searchTest(java.lang.String,java.lang.String)[pri:0, instance:com.qa.opencart.tests.AccountsPageTest@2d760326]" started-at="2026-01-17T17:27:00 IST" name="searchTest" data-provider="getSearchData" finished-at="2026-01-17T17:27:02 IST" duration-ms="2589" status="PASS">
          <params>
            <param index="0">
              <value>
                <![CDATA[samsung]]>
              </value>
            </param>
            <param index="1">
              <value>
                <![CDATA[Samsung Galaxy Tab 10.1]]>
              </value>
            </param>
          </params>
          <reporter-output>
          </reporter-output>
        </test-method> <!-- searchTest -->
        <test-method is-config="true" signature="tearDown()[pri:0, instance:com.qa.opencart.tests.AccountsPageTest@2d760326]" started-at="2026-01-17T17:27:02 IST" name="tearDown" finished-at="2026-01-17T17:27:02 IST" duration-ms="342" status="PASS">
          <reporter-output>
          </reporter-output>
        </test-method> <!-- tearDown -->
      </class> <!-- com.qa.opencart.tests.AccountsPageTest -->
    </test> <!-- Accounts Page Test -->
    <test started-at="2026-01-17T17:26:35 IST" name="ProductInfo Page Test" finished-at="2026-01-17T17:27:02 IST" duration-ms="27344">
      <class name="com.qa.opencart.tests.ProductInfoPageTest">
        <test-method is-config="true" signature="setup(java.lang.String)[pri:0, instance:com.qa.opencart.tests.ProductInfoPageTest@49e4c2d5]" started-at="2026-01-17T17:26:35 IST" name="setup" finished-at="2026-01-17T17:26:44 IST" duration-ms="9172" status="PASS">
          <params>
            <param index="0">
              <value>
                <![CDATA[chrome]]>
              </value>
            </param>
          </params>
          <reporter-output>
          </reporter-output>
        </test-method> <!-- setup -->
        <test-method is-config="true" signature="productInfoSetup()[pri:0, instance:com.qa.opencart.tests.ProductInfoPageTest@49e4c2d5]" started-at="2026-01-17T17:26:44 IST" name="productInfoSetup" finished-at="2026-01-17T17:26:46 IST" duration-ms="1888" status="PASS">
          <reporter-output>
          </reporter-output>
        </test-method> <!-- productInfoSetup -->
        <test-method signature="productHeaderTest()[pri:0, instance:com.qa.opencart.tests.ProductInfoPageTest@49e4c2d5]" started-at="2026-01-17T17:26:46 IST" name="productHeaderTest" finished-at="2026-01-17T17:26:49 IST" duration-ms="3041" status="PASS">
          <reporter-output>
          </reporter-output>
        </test-method> <!-- productHeaderTest -->
        <test-method signature="productImagesCountTest(java.lang.String,java.lang.String,int)[pri:0, instance:com.qa.opencart.tests.ProductInfoPageTest@49e4c2d5]" started-at="2026-01-17T17:26:49 IST" name="productImagesCountTest" data-provider="getProductImagesCountData" finished-at="2026-01-17T17:26:51 IST" duration-ms="1573" status="PASS">
          <params>
            <param index="0">
              <value>
                <![CDATA[macbook]]>
              </value>
            </param>
            <param index="1">
              <value>
                <![CDATA[MacBook Pro]]>
              </value>
            </param>
            <param index="2">
              <value>
                <![CDATA[4]]>
              </value>
            </param>
          </params>
          <reporter-output>
          </reporter-output>
        </test-method> <!-- productImagesCountTest -->
        <test-method signature="productImagesCountTest(java.lang.String,java.lang.String,int)[pri:0, instance:com.qa.opencart.tests.ProductInfoPageTest@49e4c2d5]" started-at="2026-01-17T17:26:51 IST" name="productImagesCountTest" data-provider="getProductImagesCountData" finished-at="2026-01-17T17:26:53 IST" duration-ms="2202" status="PASS">
          <params>
            <param index="0">
              <value>
                <![CDATA[imac]]>
              </value>
            </param>
            <param index="1">
              <value>
                <![CDATA[iMac]]>
              </value>
            </param>
            <param index="2">
              <value>
                <![CDATA[3]]>
              </value>
            </param>
          </params>
          <reporter-output>
          </reporter-output>
        </test-method> <!-- productImagesCountTest -->
        <test-method signature="productImagesCountTest(java.lang.String,java.lang.String,int)[pri:0, instance:com.qa.opencart.tests.ProductInfoPageTest@49e4c2d5]" started-at="2026-01-17T17:26:53 IST" name="productImagesCountTest" data-provider="getProductImagesCountData" finished-at="2026-01-17T17:26:55 IST" duration-ms="1879" status="PASS">
          <params>
            <param index="0">
              <value>
                <![CDATA[samsung]]>
              </value>
            </param>
            <param index="1">
              <value>
                <![CDATA[Samsung SyncMaster 941BW]]>
              </value>
            </param>
            <param index="2">
              <value>
                <![CDATA[1]]>
              </value>
            </param>
          </params>
          <reporter-output>
          </reporter-output>
        </test-method> <!-- productImagesCountTest -->
        <test-method signature="productImagesCountTest(java.lang.String,java.lang.String,int)[pri:0, instance:com.qa.opencart.tests.ProductInfoPageTest@49e4c2d5]" started-at="2026-01-17T17:26:55 IST" name="productImagesCountTest" data-provider="getProductImagesCountData" finished-at="2026-01-17T17:26:58 IST" duration-ms="2926" status="PASS">
          <params>
            <param index="0">
              <value>
                <![CDATA[samsung]]>
              </value>
            </param>
            <param index="1">
              <value>
                <![CDATA[Samsung Galaxy Tab 10.1]]>
              </value>
            </param>
            <param index="2">
              <value>
                <![CDATA[7]]>
              </value>
            </param>
          </params>
          <reporter-output>
          </reporter-output>
        </test-method> <!-- productImagesCountTest -->
        <test-method signature="productImagesCountTest(java.lang.String,java.lang.String,int)[pri:0, instance:com.qa.opencart.tests.ProductInfoPageTest@49e4c2d5]" started-at="2026-01-17T17:26:58 IST" name="productImagesCountTest" data-provider="getProductImagesCountData" finished-at="2026-01-17T17:27:00 IST" duration-ms="1983" status="PASS">
          <params>
            <param index="0">
              <value>
                <![CDATA[canon]]>
              </value>
            </param>
            <param index="1">
              <value>
                <![CDATA[Canon EOS 5D]]>
              </value>
            </param>
            <param index="2">
              <value>
                <![CDATA[3]]>
              </value>
            </param>
          </params>
          <reporter-output>
          </reporter-output>
        </test-method> <!-- productImagesCountTest -->
        <test-method signature="productInfoTest()[pri:0, instance:com.qa.opencart.tests.ProductInfoPageTest@49e4c2d5]" started-at="2026-01-17T17:27:00 IST" name="productInfoTest" finished-at="2026-01-17T17:27:02 IST" duration-ms="2001" status="PASS">
          <reporter-output>
          </reporter-output>
        </test-method> <!-- productInfoTest -->
        <test-method is-config="true" signature="tearDown()[pri:0, instance:com.qa.opencart.tests.ProductInfoPageTest@49e4c2d5]" started-at="2026-01-17T17:27:02 IST" name="tearDown" finished-at="2026-01-17T17:27:02 IST" duration-ms="455" status="PASS">
          <reporter-output>
          </reporter-output>
        </test-method> <!-- tearDown -->
      </class> <!-- com.qa.opencart.tests.ProductInfoPageTest -->
    </test> <!-- ProductInfo Page Test -->
  </suite> <!-- Opencart App Test Regression Suite -->
</testng-results>
