<?xml version="1.0" encoding="UTF-8"?>
<!-- Generated by org.testng.reporters.JUnitReportReporter -->
<testsuite hostname="Kundan" failures="0" tests="7" name="com.qa.opencart.tests.ProductInfoPageTest" time="11.387" errors="0" timestamp="2026-01-18T08:54:57 IST" skipped="0">
  <testcase classname="com.qa.opencart.tests.ProductInfoPageTest" name="productImagesCountTest" time="1.291"/>
  <system-out/>
  <testcase classname="com.qa.opencart.tests.ProductInfoPageTest" name="productHeaderTest" time="2.802"/>
  <system-out/>
  <testcase classname="com.qa.opencart.tests.ProductInfoPageTest" name="productImagesCountTest" time="1.198"/>
  <system-out/>
  <testcase classname="com.qa.opencart.tests.ProductInfoPageTest" name="productImagesCountTest" time="1.400"/>
  <system-out/>
  <testcase classname="com.qa.opencart.tests.ProductInfoPageTest" name="productImagesCountTest" time="1.550"/>
  <system-out/>
  <testcase classname="com.qa.opencart.tests.ProductInfoPageTest" name="productImagesCountTest" time="1.749"/>
  <system-out/>
  <testcase classname="com.qa.opencart.tests.ProductInfoPageTest" name="productInfoTest" time="1.397"/>
  <system-out/>
</testsuite> <!-- com.qa.opencart.tests.ProductInfoPageTest -->
