<?xml version="1.0" encoding="UTF-8"?>
<!-- Generated by org.testng.reporters.JUnitReportReporter -->
<testsuite hostname="Kundan" failures="0" tests="5" name="com.qa.opencart.tests.LoginPageTest" time="3.036" errors="0" timestamp="2026-01-17T17:28:06 IST" skipped="0">
  <testcase classname="com.qa.opencart.tests.LoginPageTest" name="logoExistTest" time="0.117"/>
  <system-out/>
  <testcase classname="com.qa.opencart.tests.LoginPageTest" name="loginPageTitleTest" time="0.083"/>
  <system-out/>
  <testcase classname="com.qa.opencart.tests.LoginPageTest" name="loginPageURLTest" time="0.053"/>
  <system-out/>
  <testcase classname="com.qa.opencart.tests.LoginPageTest" name="forgotPwdLinkExistTest" time="0.353"/>
  <system-out/>
  <testcase classname="com.qa.opencart.tests.LoginPageTest" name="loginTest" time="2.430"/>
  <system-out/>
</testsuite> <!-- com.qa.opencart.tests.LoginPageTest -->
